Start testing: Aug 15 15:33 MSK
----------------------------------------------------------
1/1 Testing: kv_storage_tests
1/1 Test: kv_storage_tests
Command: "/home/devines/vk_test_assignment/Storage/build/kv_storage_tests"
Directory: /home/devines/vk_test_assignment/Storage/build
"kv_storage_tests" start time: Aug 15 15:33 MSK
Output:
----------------------------------------------------------
Running main() from /home/devines/vk_test_assignment/Storage/build/_deps/googletest-src/googletest/src/gtest_main.cc
[==========] Running 13 tests from 1 test suite.
[----------] Global test environment set-up.
[----------] 13 tests from KVStorageTest
[ RUN      ] KVStorageTest.ConstructorInitializesEntries
[       OK ] KVStorageTest.ConstructorInitializesEntries (0 ms)
[ RUN      ] KVStorageTest.SetAndGet
[       OK ] KVStorageTest.SetAndGet (0 ms)
[ RUN      ] KVStorageTest.TTLExpiration
[       OK ] KVStorageTest.TTLExpiration (0 ms)
[ RUN      ] KVStorageTest.PermanentEntry
[       OK ] KVStorageTest.PermanentEntry (0 ms)
[ RUN      ] KVStorageTest.RemoveExisting
[       OK ] KVStorageTest.RemoveExisting (0 ms)
[ RUN      ] KVStorageTest.RemoveNonExisting
[       OK ] KVStorageTest.RemoveNonExisting (0 ms)
[ RUN      ] KVStorageTest.GetManySortedBasic
[       OK ] KVStorageTest.GetManySortedBasic (0 ms)
[ RUN      ] KVStorageTest.GetManySortedWithExpired
[       OK ] KVStorageTest.GetManySortedWithExpired (0 ms)
[ RUN      ] KVStorageTest.RemoveOneExpired
[       OK ] KVStorageTest.RemoveOneExpired (0 ms)
[ RUN      ] KVStorageTest.RemoveOneExpiredWhenNone
[       OK ] KVStorageTest.RemoveOneExpiredWhenNone (0 ms)
[ RUN      ] KVStorageTest.EmptyStorage
[       OK ] KVStorageTest.EmptyStorage (0 ms)
[ RUN      ] KVStorageTest.DuplicateKeys
[       OK ] KVStorageTest.DuplicateKeys (0 ms)
[ RUN      ] KVStorageTest.LargeDataSet
[       OK ] KVStorageTest.LargeDataSet (1 ms)
[----------] 13 tests from KVStorageTest (1 ms total)

[----------] Global test environment tear-down
[==========] 13 tests from 1 test suite ran. (2 ms total)
[  PASSED  ] 13 tests.
<end of output>
Test time =   0.01 sec
----------------------------------------------------------
Test Passed.
"kv_storage_tests" end time: Aug 15 15:33 MSK
"kv_storage_tests" time elapsed: 00:00:00
----------------------------------------------------------

End testing: Aug 15 15:33 MSK
